bool_band
0.0004 false
0.0002 false
0.0002 false
0.0002 false
0.0002 false
0.0002 false
0.0002 false
0.0002 false
0.0002 false
0.0002 false
0.0003 false
0.0002 false
0.0002 false
0.0003 false
0.0002 false
0.0002 false
0.0003 false
0.0003 false
0.0002 false
0.0002 false
0.0003 true
0.0003 true
0.0003 false
0.0003 false
0.0003 true
0.0003 false
0.0004 true
0.0003 false
0.0003 false
0.0003 true
0.0003 true
0.0003 true
0.0004 true
0.0004 true
0.0004 true
0.0003 true
0.0004 true
0.0003 true
0.0003 true
0.0003 true
bool_bor
0.0002 false
0.0002 false
0.0002 false
0.0002 false
0.0002 false
0.0002 false
0.0004 false
0.0002 false
0.0002 false
0.0002 false
0.0002 false
0.0002 false
0.0002 false
0.0003 true
0.0002 true
0.0003 false
0.0002 false
0.0002 false
0.0002 false
0.0003 true
0.0003 false
0.0003 false
0.0003 true
0.0003 true
0.0003 false
0.0003 false
0.0003 true
0.0003 false
0.0003 true
0.0003 true
0.0004 true
0.0003 true
0.0003 true
0.0003 true
0.0003 true
0.0003 true
0.0003 true
0.0003 true
0.0003 true
0.0003 true
bool_impl
0.0002 false
0.0002 false
0.0002 false
0.0002 false
0.0002 false
0.0002 false
0.0002 false
0.0002 false
0.0002 false
0.0002 false
0.0003 true
0.0002 false
0.0002 false
0.0003 false
0.0003 false
0.0002 false
0.0003 false
0.0003 false
0.0003 false
0.0003 false
0.0007 false
0.0003 true
0.0003 false
0.0003 false
0.0003 false
0.0003 false
0.0003 true
0.0003 false
0.0003 false
0.0004 true
0.0003 true
0.0003 true
0.0003 true
0.0004 true
0.0003 true
0.0003 true
0.0003 true
0.0003 true
0.0003 true
0.0003 true
bool_neg
0.0002 false
0.0002 false
0.0002 true
0.0002 false
0.0002 true
0.0003 false
0.0002 true
0.0002 true
0.0002 true
0.0002 true
0.0002 true
0.0002 true
0.0002 true
0.0002 true
0.0002 true
0.0003 true
0.0002 true
0.0002 true
0.0003 true
0.0002 true
bool_xor
0.0002 false
0.0003 false
0.0003 false
0.0003 false
0.0002 false
0.0002 false
0.0002 false
0.0002 false
0.0002 false
0.0002 false
0.0002 false
0.0002 false
0.0002 false
0.0002 false
0.0021 true
0.0002 false
0.0003 false
0.0003 false
0.0003 false
0.0003 false
0.0026 true
0.0003 false
0.0024 true
0.0003 false
0.0028 true
0.0003 false
0.0003 false
0.0003 false
0.0003 false
0.0003 false
0.0032 true
0.0026 true
0.0026 true
0.0027 true
0.0027 true
0.0028 true
0.0026 true
0.0026 true
0.0026 true
0.0026 true
nat_add
0.0003 false
0.0045 true
0.0027 true
0.0013 false
0.0020 false
0.0062 true
0.0012 false
0.0003 false
0.0003 false
0.0003 false
0.0035 true
0.0096 true
0.0004 false
0.0043 true
0.0055 true
0.0062 true
0.0060 true
0.0137 true
0.0015 false
0.0049 true
0.0228 true
0.0120 true
0.0038 true
0.0027 true
0.0155 true
0.0039 true
0.0077 true
0.0295 true
0.0154 true
0.0161 true
0.0125 true
0.0270 true
0.0043 true
0.0108 true
0.0046 true
0.0069 true
0.0269 true
0.0273 true
0.0150 true
0.0047 true
0.0109 true
0.0261 true
0.0274 true
0.0081 true
0.1665 true
0.0316 true
0.0382 true
0.0085 true
0.0320 true
0.0025 true
0.0284 true
0.0155 true
0.1461 true
0.0541 true
0.0344 true
0.0149 true
0.0236 true
0.0206 true
0.0186 true
0.0270 true
0.0320 true
0.0102 true
0.0215 true
0.0174 true
0.0175 true
0.0452 true
0.0556 true
0.0501 true
0.0434 true
0.0312 true
0.0563 true
0.0139 true
0.0935 true
0.1065 true
0.1025 true
0.0281 true
0.0536 true
0.0518 true
0.2878 true
0.0209 true
0.0410 true
0.0475 true
0.0327 true
0.0212 true
0.0572 true
0.0613 true
0.1446 true
0.0265 true
0.0205 true
0.0313 true
nat_iseven
0.0003 false
0.0002 false
0.0002 false
0.0002 false
0.0002 false
0.0002 false
0.0002 false
0.0002 false
0.0002 false
0.0002 false
0.0002 false
0.0002 false
0.0014 true
0.0003 false
0.0002 false
0.0014 true
0.0004 false
0.0002 false
0.0003 false
0.0002 false
0.0003 false
0.0004 false
0.0023 true
0.0008 false
0.0003 false
0.0131 true
0.0003 false
0.0023 true
0.0121 true
0.0003 false
0.0025 true
0.0024 true
0.0024 true
0.0027 true
0.0028 true
0.0026 true
0.0024 true
0.0026 true
0.0023 true
0.0024 true
nat_max
0.0013 false
0.0027 false
0.0035 false
0.0003 false
0.0035 false
0.0086 false
0.0022 false
0.0038 false
0.0077 false
0.0003 false
0.0035 false
0.0005 false
0.0015 false
0.0028 false
0.0020 false
0.2300 false
0.0143 false
0.0039 false
0.0038 false
0.0060 false
0.0072 false
0.0184 false
0.0082 false
0.0132 false
0.0168 false
0.0030 false
0.0230 false
0.0040 false
0.0091 false
0.0119 false
0.0063 false
0.3192 false
0.1029 false
0.0233 false
0.2994 false
0.0039 false
0.0030 false
0.0103 false
0.5537 false
0.0039 false
1.0879 false
8.0484 false
0.0839 false
0.0031 false
0.2463 false
0.0430 false
0.0141 false
0.0100 false
0.2214 true
1.2299 false
0.0238 false
0.0368 false
4.4849 false
0.3879 false
0.0318 false
0.0371 false
50.3615 true
0.0308 false
0.0396 false
34.4473 false
1.3251 false
47.1590 true
0.0537 false
0.0055 false
0.0644 false
0.1476 false
0.7325 true
1.8955 false
0.0122 false
0.0987 false
0.1537 true
12.1048 true
100.4413 true
3.2169 true
10.1251 false
17.1048 true
13.5045 true
2.9088 false
0.4774 true
0.7646 true
1.1185 false
0.1004 false
1.8323 true
6.8850 true
22.9059 true
7.7308 true
11.8538 true
43.9335 false
5.2609 true
0.2155 false
1.7682 false
14.0126 true
4.8856 true
1.4748 true
23.0440 false
4.7772 true
4.8936 true
0.7040 true
nat_pred
0.0021 true
0.0036 true
0.0041 true
0.0002 false
0.0002 false
0.0041 true
0.0021 true
0.0037 true
0.0002 false
0.0002 false
0.0042 true
0.0022 true
0.0003 false
0.0035 true
0.0023 true
0.0003 true
0.0042 true
0.0030 true
0.0041 true
0.0022 true
0.0003 true
0.0003 true
0.0033 true
0.0034 true
0.0031 true
0.0003 true
0.0003 true
0.0030 true
0.0046 true
0.0003 true
0.0005 true
0.0004 true
0.0005 true
0.0004 true
0.0004 true
0.0004 true
0.0004 true
0.0004 true
0.0004 true
0.0004 true
list_hd
0.0003 true
0.0003 true
0.0022 true
0.0032 true
0.0018 false
0.0032 true
0.0021 true
0.0033 true
0.0021 false
0.0048 false
0.0042 true
0.0037 true
0.0034 true
0.0016 true
0.0032 true
0.0033 true
0.0048 true
0.0027 false
0.0045 true
0.0003 true
0.0051 true
0.0052 true
0.0024 true
0.0027 true
0.0056 true
0.0029 true
0.0055 true
0.0036 true
0.0049 true
0.0042 true
0.0048 true
0.0033 true
0.0053 true
0.0121 true
0.0043 true
0.0365 true
0.0011 true
0.0035 true
0.0053 true
0.0031 true
0.0043 true
0.0041 true
0.0056 true
0.0043 true
0.0050 true
0.0034 true
0.0179 true
0.0124 true
0.0149 true
0.0062 true
0.0118 true
0.0053 true
0.0042 true
0.4163 true
0.0223 true
0.0045 true
0.0181 true
0.0039 true
0.0233 true
0.0045 true
0.0207 true
0.0149 true
0.0033 true
0.0084 true
0.0066 true
0.0209 true
0.1192 true
0.0060 true
0.0173 true
0.0065 true
0.0106 true
0.0245 true
0.0082 true
0.1219 true
0.0174 true
0.0092 true
0.0049 true
0.0065 true
0.0107 true
0.0041 true
0.0946 true
0.0069 true
0.0053 true
0.0044 true
0.0472 true
0.0511 true
0.0397 true
0.3745 true
0.0269 true
0.0853 true
0.0637 true
0.0657 true
0.0467 true
0.0449 true
0.5113 true
0.0374 true
0.0874 true
0.0219 true
0.0451 true
0.0233 true
list_tl
0.0021 true
0.0003 false
0.0013 true
0.0021 true
0.0014 true
0.0021 true
0.0003 false
0.0013 true
0.0004 false
0.0003 false
0.0003 false
0.0013 true
0.0029 true
0.0015 true
0.0029 true
0.0013 true
0.0015 true
0.0023 true
0.0020 true
0.0015 true
0.0023 true
0.0061 true
0.0011 true
0.0016 true
0.0025 true
0.0025 true
0.0026 true
0.0022 true
0.0021 true
0.0010 true
0.0054 true
0.0025 true
0.0022 true
0.0024 true
0.0067 true
0.0031 true
0.0057 true
0.0023 true
0.0032 true
0.0034 true
0.0062 true
0.0024 true
0.0038 true
0.0034 true
0.0036 true
0.0034 true
0.0028 true
0.0061 true
0.0064 true
0.0055 true
0.0077 true
0.0030 true
0.0077 true
0.0077 true
0.0024 true
0.0206 true
0.0042 true
0.0095 true
0.0084 true
0.0066 true
0.0035 true
0.0033 true
0.0053 true
0.0068 true
0.0227 true
0.0038 true
0.0022 true
0.0027 true
0.0021 true
0.0021 true
0.0069 true
0.0054 true
0.0040 true
0.0031 true
0.1662 true
0.0116 true
0.0061 true
0.0062 true
0.0020 true
0.0222 true
0.0412 true
0.0100 true
0.4353 true
0.0118 true
0.0737 true
0.0042 true
0.0521 true
0.0075 true
0.0050 true
0.4012 true
0.0025 true
0.0977 true
0.0147 true
0.0729 true
0.0101 true
0.2494 true
0.0085 true
0.0398 true
0.0096 true
0.3911 true
list_last
0.0013 false
0.0004 false
0.0004 false
0.0003 false
0.0004 false
0.0003 false
0.0003 false
0.0003 false
0.0003 false
0.0003 false
0.0054 true
0.0003 false
0.0076 true
0.0012 false
0.0141 true
0.0004 false
0.0016 false
0.0022 false
0.0014 false
0.0042 true
0.0105 true
0.0011 false
0.0018 false
0.0277 true
0.0067 true
0.0115 true
0.0124 true
0.0054 true
0.0050 true
0.0474 true
0.0248 true
0.0162 true
0.0360 true
0.0063 true
0.1065 true
0.0024 false
0.0336 true
0.0775 true
0.0362 true
0.0220 true
0.0487 true
0.0304 true
0.0491 true
0.1260 true
0.0461 true
1.4908 true
0.0417 true
0.0106 true
0.0427 true
0.1252 true
0.4162 true
0.1250 true
0.1641 true
0.0602 true
0.1046 true
0.1273 true
0.1784 true
0.2593 true
0.9349 true
0.1884 true
2.7189 true
0.6844 true
6.4901 true
0.3900 true
0.3134 true
1.1828 true
0.1370 true
0.6510 true
1.3153 true
2.4695 true
0.3417 true
4.9139 true
0.2122 true
0.9328 true
5.6103 true
1.1679 true
1.7789 true
0.9451 true
11.5464 true
3.3671 true
1.0943 true
6.7556 true
4.0995 true
1.5390 true
2.3318 true
0.6631 true
3.7849 true
15.9089 true
13.0284 true
1.6090 true
25.9678 true
10.6762 true
68.4554 true
6.3962 true
65.5122 true
18.6581 true
1.7304 true
45.9223 true
5.9603 true
1.9809 true
list_take
0.0027 false
0.0033 false
0.0032 false
0.0059 false
0.0055 false
0.0032 false
0.0011 false
0.0027 false
0.0053 false
0.0028 false
0.0067 false
0.0072 false
0.0186 false
0.0033 false
0.6865 false
0.0110 false
0.0132 false
0.0059 false
0.2031 false
0.0151 false
0.1768 false
0.0110 false
0.3592 false
0.5896 false
0.0137 false
0.2803 false
0.0193 false
0.0803 false
0.0519 false
0.0060 false
7.3057 true
0.0203 false
1.7939 true
0.1926 false
0.3498 false
0.0726 false
0.0236 false
0.0119 false
0.8832 false
1.0327 true
0.0178 false
0.0393 false
0.0868 false
0.0742 false
0.0319 false
7.5366 true
0.3984 false
0.0205 false
0.0628 false
2.3181 false
22.5834 true
8.5942 false
0.5824 false
6.1821 false
0.2181 false
9.9560 false
0.7636 false
41.7011 true
25.8971 true
0.4676 false
2.3559 false
list_drop
0.0030 false
0.0023 false
0.0023 false
0.0027 false
0.0018 false
0.0025 false
0.0005 false
0.0027 false
0.0014 false
0.0023 false
0.2202 false
0.0021 false
0.0024 false
0.0024 false
0.0031 false
0.0023 false
0.0042 false
0.0027 false
0.0033 false
0.0046 false
0.0817 false
0.1823 true
0.1247 false
0.1469 false
0.1692 false
0.0687 false
0.2050 false
0.0916 false
0.0053 false
0.3393 true
0.4562 false
0.0062 false
0.0073 false
0.8409 true
0.0172 false
0.0060 false
0.4694 true
0.5791 false
0.0029 false
0.0054 false
4.2882 true
0.5635 false
2.0822 true
1.1077 true
3.1412 true
1.2426 true
1.1788 false
3.3952 true
0.0106 false
0.0238 false
0.2984 false
23.7608 true
3.8049 true
16.6040 true
0.5944 false
29.0356 true
0.1305 false
38.0540 true
1.4804 true
5.9041 true
17.1245 true
0.0211 false
90.2609 true
0.0745 false
7.4741 true
75.4531 true
93.4658 true
0.1386 false
0.0110 false
0.1404 false
3.9154 true
17.5696 true
65.5757 true
list_nth
0.0023 false
0.0047 false
0.0023 false
0.0024 false
0.0022 false
0.0004 false
0.0024 false
0.0015 false
0.0012 false
0.0019 false
0.0026 false
0.0027 false
0.0026 false
0.0030 false
0.0031 false
0.0096 false
0.0028 false
0.0659 false
0.0025 false
0.0021 false
0.0088 false
0.1833 false
0.0045 false
0.0041 false
0.0126 false
0.3638 true
0.0034 false
0.0082 false
0.0031 false
0.0034 false
0.0103 false
0.6472 true
0.1248 true
0.0083 false
0.0117 false
0.3230 false
0.9118 true
0.2755 true
0.0100 false
0.0133 false
0.2752 false
5.9002 true
0.0060 false
0.6079 true
1.4024 true
0.0041 false
1.1255 false
2.3373 true
0.9385 true
80.3707 true
0.0789 false
0.1589 false
0.1882 false
4.4167 true
0.4903 true
16.9246 true
4.9014 false
13.7092 true
5.7986 true
27.2203 true
34.7662 true
4.9841 false
17.9729 true
0.1807 false
8.3052 true
0.2980 false
22.9161 true
0.1306 false
26.8423 true
5.0933 true
89.3630 true
93.8642 true
0.9962 false
41.6726 true
list_sum
0.0003 false
0.0035 false
0.0033 false
0.0054 false
0.0034 false
0.0037 false
0.0003 false
0.0035 false
0.0060 false
0.0061 false
0.0138 true
0.0055 false
0.0220 true
0.0127 true
0.0228 true
0.0004 false
0.0022 true
0.0101 true
0.0038 false
0.0149 true
0.0813 true
0.0439 true
0.0454 true
0.0274 true
0.0305 true
0.0749 true
0.0154 true
0.0102 true
0.0264 true
0.0114 true
0.1006 true
0.0511 true
0.0084 true
0.2758 true
0.0354 true
0.0098 true
0.5517 true
0.0302 true
0.0407 true
0.0140 true
0.0233 true
0.1033 true
7.7287 true
0.0457 true
0.0389 true
0.0716 true
3.9394 true
0.0424 true
0.1368 true
0.1438 true
0.5098 true
0.0582 true
0.0150 true
0.0117 true
8.3463 true
0.8847 true
4.1543 true
0.0555 true
2.8080 true
0.0051 true
0.8147 true
0.2929 true
0.2086 true
5.6327 true
5.3519 true
0.1282 true
0.2201 true
0.2010 true
0.0142 true
0.0235 true
0.4249 true
0.1084 true
2.6954 true
5.2610 true
0.3104 true
0.0578 true
0.2007 true
0.8244 true
7.1705 true
69.0008 true
80.3444 true
0.2950 true
54.0344 true
0.0459 true
18.7725 true
2.5109 true
29.3128 true
0.5520 true
0.1588 true
18.0262 true
1.7194 true
0.6068 true
0.1215 true
0.0602 true
0.1537 true
list_length
0.0023 true
0.0048 true
0.0024 true
0.0024 true
0.0003 false
0.0048 true
0.0024 true
0.0002 false
0.0003 false
0.0049 true
0.0003 false
0.0055 true
0.0049 true
0.0042 true
0.0057 true
0.0003 false
0.0032 true
0.0066 false
0.0073 true
0.0108 true
0.0045 true
0.0039 true
0.0043 true
0.0037 true
0.0010 true
0.0052 true
0.0113 true
0.0082 true
0.0048 true
0.0087 true
0.0057 true
0.0113 true
0.0051 true
0.0051 true
0.0044 true
0.0081 true
0.0061 true
0.0060 true
0.0065 true
0.0079 true
0.0062 true
1.6332 true
0.0292 true
0.0234 true
0.0102 true
0.0062 true
0.0638 true
0.0128 true
0.0283 true
0.0083 true
list_even_parity
0.0002 false
0.0040 false
0.0002 false
0.0020 false
0.0003 false
0.0032 false
0.0031 false
0.0002 false
0.0030 false
0.0002 false
0.0034 false
0.0148 false
0.0965 false
0.0027 false
0.0027 false
0.0032 false
0.1249 false
0.0003 false
0.0024 false
0.0029 false
0.0344 true
0.0354 false
0.0036 false
0.0030 false
0.0061 false
0.0032 false
0.0431 true
0.0031 false
0.0031 false
0.0031 false
0.0041 false
0.8087 true
0.0237 true
0.0036 false
0.0044 false
0.0117 true
0.0472 true
0.3011 true
0.0480 true
0.0533 true
1.1121 true
1.1640 true
0.0085 false
0.0656 false
0.0071 true
0.0307 true
0.3312 false
0.1123 true
0.0030 false
0.0031 false
0.0960 true
0.3046 true
0.0286 true
0.0535 true
0.0324 true
0.2215 true
0.0648 true
0.0714 true
0.0903 false
0.1338 true
0.1653 true
0.2481 true
0.9472 true
0.0933 true
0.0545 true
0.3806 true
0.0602 true
0.0356 true
0.0622 true
0.3248 true
0.1084 true
0.2043 true
0.0394 true
0.2244 true
0.0282 true
0.0294 true
0.0795 true
0.0323 true
0.6790 true
0.3027 true
0.3836 true
0.0485 true
0.0467 true
0.0725 true
0.4645 true
0.1948 true
0.5118 true
0.2957 true
0.0450 true
3.7204 true
0.1881 true
0.0773 true
0.1108 true
0.0917 true
0.5721 true
0.1111 true
0.0800 true
4.7423 true
0.0814 true
0.0802 true
list_inc
0.0014 true
0.0039 true
0.0032 true
0.0014 true
0.0044 true
0.0035 true
0.0043 true
0.0013 true
0.0035 true
0.0014 true
0.0042 true
0.0020 true
0.0049 true
0.0042 true
0.0066 true
0.0060 true
0.0070 true
0.0049 true
0.0048 true
0.0040 true
0.0042 true
0.0068 true
0.0049 true
0.0066 true
0.0037 true
0.0042 true
0.0037 true
0.0045 true
0.0120 true
0.0040 true
0.0079 true
0.0136 true
0.0069 true
0.0050 true
0.0117 true
0.0044 true
0.0050 true
0.0053 true
0.0141 true
0.0046 true
0.0072 true
0.0132 true
0.0090 true
0.0064 true
0.0123 true
0.0444 true
0.0100 true
0.0135 true
0.0091 true
0.0117 true
0.0066 true
0.0058 true
0.2752 true
0.0133 true
0.0236 true
0.0083 true
0.0108 true
0.0140 true
0.0060 true
0.0063 true
0.0366 true
0.0080 true
0.0168 true
0.0225 true
0.0068 true
0.0068 true
0.0080 true
0.0073 true
0.0107 true
0.0497 true
0.0282 true
1.2354 true
0.0093 true
0.1960 true
0.1382 true
0.0110 true
0.0114 true
0.0694 true
0.0630 true
0.0582 true
0.0091 true
0.0731 true
0.0050 true
0.0842 true
0.0097 true
0.2090 true
0.0277 true
0.0352 true
5.4553 true
0.1154 true
0.0132 true
0.0114 true
0.0451 true
0.0412 true
0.0095 true
0.0259 true
0.3301 true
0.0105 true
0.0365 true
0.1439 true
list_stutter
0.0074 true
0.0224 true
0.0125 true
0.0003 false
0.0059 true
0.0215 true
0.0154 true
0.0059 true
0.0055 true
0.0003 false
0.0072 true
0.0188 true
0.0244 true
0.0142 true
0.0011 false
0.0166 true
0.0012 false
0.0088 true
0.0064 true
0.0018 true
0.0368 true
0.0163 true
0.0154 true
0.0294 true
0.0445 true
0.0159 true
0.0330 true
0.0160 true
0.0331 true
0.0069 true
0.1443 true
0.0570 true
0.0574 true
0.0123 true
0.0217 true
0.0024 true
0.0295 true
0.0075 true
0.0179 true
0.0820 true
0.0506 true
0.0283 true
0.0508 true
0.0142 true
0.0583 true
0.2710 true
0.0499 true
0.0158 true
0.0404 true
0.4084 true
0.0247 true
0.0314 true
0.0138 true
0.0105 true
0.1783 true
0.0471 true
0.0190 true
0.0156 true
0.0232 true
0.0210 true
0.2171 true
0.0336 true
0.0464 true
1.0577 true
0.0096 true
0.3062 true
0.0431 true
0.0592 true
0.0398 true
0.0492 true
0.0259 true
0.1217 true
2.4355 true
0.0252 true
0.1186 true
0.0573 true
0.0196 true
0.0140 true
0.3387 true
0.1710 true
1.2497 true
1.0115 true
1.0835 true
0.3985 true
0.5825 true
0.4086 true
0.0717 true
0.0203 true
0.0507 true
0.0441 true
0.0621 true
0.0387 true
0.0821 true
0.0716 true
0.0421 true
0.0575 true
0.1181 true
0.0559 true
0.0415 true
0.5012 true
list_snoc
0.0031 true
0.0085 true
0.0054 true
0.0042 true
0.0055 true
0.0041 true
0.0054 true
0.0080 true
0.0036 true
0.0033 true
0.0060 true
0.0078 true
0.0024 true
0.0024 true
0.0067 true
0.0027 true
0.0029 true
0.0029 true
0.0220 true
0.0076 true
0.0167 true
0.0174 true
0.0147 true
0.0179 true
0.0070 true
0.0071 true
0.0095 true
0.0101 true
0.0206 true
0.0062 true
0.0966 true
0.0908 true
0.0449 true
0.0162 true
0.1376 true
0.0309 true
0.0537 true
0.0137 true
0.0681 true
0.0700 true
0.0113 true
0.0642 true
0.3959 true
0.0467 true
0.0420 true
0.7658 true
1.2092 true
0.2356 true
0.5492 true
0.0732 true
6.4450 true
0.1870 true
0.9499 true
2.9897 true
0.0340 true
0.6169 true
0.3688 true
0.0822 true
0.3594 true
0.2284 true
5.2702 true
10.7107 true
2.1328 true
3.2985 true
1.0036 true
1.8693 true
85.7102 true
3.5589 true
3.0097 true
0.1442 true
18.4542 true
4.8648 true
2.0087 true
27.4285 true
46.6717 true
63.1764 true
23.3188 true
51.4561 true
2.1053 true
17.4694 true
101.4070 true
110.4504 true
11.4959 true
0.5251 true
53.8111 true
5.6911 true
25.3759 true
64.9775 true
list_append
0.0058 true
0.0083 true
0.0033 true
0.0023 true
0.0087 true
0.0060 true
0.0082 true
0.0091 true
0.0085 true
0.0128 true
0.0151 true
0.0168 true
0.0064 true
0.0282 true
0.0088 true
0.0103 true
0.0167 true
0.0180 true
0.0138 true
0.0075 true
0.0460 true
0.0172 true
0.0457 true
0.0415 true
0.0202 true
0.0195 true
0.0217 true
0.0289 true
0.0395 true
0.0406 true
0.5612 true
0.1870 true
0.2697 true
0.3354 true
0.3703 true
0.0392 true
0.4844 true
0.3101 true
0.1050 true
0.1377 true
2.6557 true
0.7377 true
3.4239 true
1.0615 true
1.5859 true
0.2885 true
0.8185 true
0.5581 true
7.7671 true
0.4468 true
6.9824 true
33.2901 true
20.2311 true
111.9595 true
6.7055 true
13.7761 true
8.6035 true
7.3992 true
30.7278 true
92.7697 true
42.5877 true
43.9079 true
99.4843 true
67.9448 true
3.7801 true
37.5776 true
39.5236 true
23.1113 true
61.8120 true
list_compress
0.0023 false
0.0003 false
0.0013 false
0.0015 false
0.0023 false
0.0023 false
0.0014 false
0.0023 false
0.0014 false
0.0003 false
0.0025 false
0.0023 false
0.0088 false
0.0018 false
0.0017 false
0.0023 false
0.0020 false
0.0020 false
0.0013 false
0.3324 false
0.1819 false
0.1885 false
0.0020 false
0.0059 false
0.4332 false
0.0016 false
1.4328 false
0.4983 false
0.0026 false
0.0025 false
12.5266 false
1.3850 false
0.0021 false
0.0046 false
15.5183 true
4.6546 true
0.0029 false
0.6273 false
4.5765 false
0.0027 false
6.7879 false
1.7262 false
2.2302 false
0.0056 false
18.7065 true
0.4104 false
1.0810 false
5.6239 false
1.0472 false
17.2511 false
78.1240 true
22.7520 false
6.2038 false
55.5492 true
0.0059 false
64.4045 true
19.1593 false
22.0928 true
0.0457 false
11.3806 false
49.0319 false
41.7560 false
0.0687 false
94.3495 false
99.3600 false
60.9655 false
list_concat
0.0422 true
0.0004 false
0.0022 false
0.0003 false
0.0003 false
0.0081 true
0.0017 false
0.0115 true
0.0021 false
0.0013 false
0.0022 false
0.0024 false
0.0086 true
0.0405 true
0.0004 false
0.0125 true
0.0022 true
0.0020 false
0.0020 false
0.0414 true
0.0026 false
0.0406 true
0.0025 false
0.0289 true
0.0083 true
0.1804 true
0.0390 true
0.2345 true
0.0181 true
0.0289 true
0.0017 false
2.1058 true
0.0820 true
0.0162 true
0.0819 true
0.0267 true
0.0495 true
0.0018 false
0.0174 true
0.1368 true
0.0197 true
0.0356 true
0.0025 false
0.7258 true
0.0932 true
0.0132 true
0.0997 true
0.0156 true
0.0283 true
0.0253 true
0.0439 true
0.1318 true
0.0216 true
0.0443 true
6.6834 true
0.0298 true
0.0237 true
0.1577 true
0.0190 true
0.0182 true
0.1279 true
0.0236 true
0.0168 true
0.0720 true
0.0253 true
0.1489 true
0.0196 true
0.2340 true
0.0688 true
0.1992 true
0.2567 true
0.1150 true
2.0598 true
0.0259 true
0.1445 true
0.1137 true
0.2824 true
0.0047 true
1.7401 true
0.6418 true
0.2628 true
0.1647 true
0.1971 true
0.0916 true
0.0905 true
0.4977 true
0.0313 true
7.0167 true
0.0728 true
4.9700 true
0.1271 true
0.0207 true
6.6929 true
0.8630 true
33.7136 true
6.8578 true
0.2005 true
0.0603 true
0.0317 true
0.0676 true
list_rev_append
0.0012 false
0.0022 false
0.0011 false
0.0021 false
57.4336 false
0.0021 false
0.0021 false
0.0026 false
0.0020 false
0.0026 false
0.0017 false
0.0380 false
0.0690 false
0.0028 false
0.0726 false
0.0438 false
70.9513 false
0.0396 false
0.1020 false
0.0675 false
0.0645 false
0.0107 false
0.0658 false
0.1061 false
0.0649 false
0.0481 false
0.0637 false
0.1308 false
0.0525 true
0.1281 false
0.1716 false
list_rev_fold
0.0048 true
0.0045 true
0.0017 false
0.0047 true
0.0047 false
0.0027 true
0.0025 false
0.0026 true
0.0016 false
0.0016 false
0.0029 false
0.0049 true
0.0059 true
0.0021 false
0.0021 false
0.0040 true
0.0054 true
0.0031 true
0.0049 true
0.0064 false
0.0072 true
0.0054 true
0.0080 true
0.0030 false
0.0057 true
0.0072 true
0.0068 true
0.0066 true
0.0024 false
0.0069 true
0.0069 false
0.0082 true
0.0073 true
0.0110 true
0.0107 true
0.0058 true
0.0085 true
0.0091 true
0.0047 true
0.0053 true
0.0103 false
0.0117 true
0.0177 true
0.0072 true
0.0062 true
0.0132 true
0.0072 true
0.0283 true
0.0072 true
0.0084 true
0.0078 true
0.0245 true
0.0240 true
0.0047 true
0.0060 true
0.0179 true
0.0087 true
0.0225 true
0.0120 true
0.0063 true
0.0108 true
0.0345 true
0.0127 true
0.0115 true
0.0154 true
0.0931 true
0.0173 true
0.0183 true
0.0070 true
0.0064 true
0.0258 true
0.0098 true
0.0143 true
0.0124 true
0.0228 true
0.0263 true
0.0086 true
0.0063 true
0.0067 true
1.5858 true
0.0109 true
0.0085 true
0.0134 true
0.1333 true
0.0082 true
0.0170 true
0.0315 true
0.0453 true
0.0279 true
0.0121 true
0.0769 true
1.5637 true
0.1640 true
0.0331 true
0.0538 true
0.0120 true
0.0129 true
0.0628 true
0.0490 true
0.0068 true
list_rev_snoc
0.0004 false
0.0004 false
0.0025 false
0.0021 false
0.0020 false
0.0250 true
0.0025 false
0.0004 false
0.0023 false
0.0005 false
0.0393 true
0.0489 true
0.0014 false
0.0339 true
0.0014 false
0.0326 true
0.0614 true
0.0031 false
0.0661 true
0.0267 true
0.0024 false
0.0024 false
0.0379 true
0.0553 true
0.0027 false
0.0258 true
0.0170 true
0.0022 false
0.0019 false
0.0299 true
0.0022 false
0.3494 true
0.0033 true
0.1034 true
0.0040 false
0.0046 false
0.0239 true
0.0033 false
0.1947 true
0.1794 true
0.0490 true
0.0337 true
0.1411 true
0.0038 false
0.0070 false
1.3016 true
0.0732 true
0.3976 true
0.0213 true
0.0037 false
0.1124 true
0.1115 true
0.1296 true
0.0971 true
0.0663 true
0.0451 true
79.3592 true
0.1234 true
0.0049 false
0.0023 false
9.6421 true
1.0535 true
0.1212 true
0.1113 true
0.0719 true
0.0513 true
0.0666 true
0.0048 false
0.3070 true
0.0235 true
0.0055 false
0.1235 true
0.1620 true
0.0718 true
0.9258 true
0.5028 true
0.6440 true
0.0504 true
2.1544 true
0.1482 true
0.0252 true
0.9532 true
8.8546 true
0.0031 false
0.2584 true
0.6317 true
2.4131 true
0.9783 true
13.7797 true
3.6014 true
4.1891 true
0.0408 true
0.1647 true
0.2619 true
0.0816 true
0.0344 true
0.7993 true
0.1357 true
0.8010 true
list_rev_tailcall
0.9377 false
0.0034 false
0.1997 false
0.0031 false
0.0038 false
0.0048 false
0.0085 false
0.1681 false
0.0445 false
0.0033 false
0.4314 false
1.4049 false
0.6484 false
0.7067 false
0.6839 false
0.0027 false
0.1441 false
0.5414 false
1.1776 false
0.3790 false
40.7546 false
0.3389 false
0.6014 false
65.0667 false
1.5819 false
46.8755 false
20.7007 false
20.5366 false
1.8153 false
47.8529 false
list_pairwise_swap
0.0004 false
0.0014 false
0.0003 false
0.0014 false
0.0004 false
0.0003 false
0.0004 false
0.0003 false
0.0004 false
0.0003 false
0.0003 false
0.0624 false
0.0582 false
0.0276 false
0.0296 false
0.0005 false
0.0012 false
0.0271 false
0.0003 false
0.0004 false
0.0497 false
0.0015 false
0.0861 false
0.0013 false
0.0919 false
0.1025 false
0.0014 false
0.0015 false
0.2181 false
0.2950 false
0.5983 false
0.1121 false
0.0410 false
0.0021 false
0.2382 false
0.6115 false
0.0450 false
0.5818 false
0.0023 false
0.3393 false
0.5547 false
2.8810 false
0.3996 false
0.1683 false
0.0834 false
0.1113 false
1.7037 false
0.0018 false
0.6782 false
0.1249 false
0.9443 false
0.8590 false
0.3286 false
0.4112 false
0.6083 false
0.0038 false
0.5507 false
2.4101 false
0.6412 false
0.5227 false
26.5557 false
24.0106 false
1.5199 false
0.9437 false
0.4921 false
0.3344 false
1.7283 false
6.5248 false
0.1852 false
0.1459 false
1.2272 false
3.7036 false
0.2116 false
1.9014 false
56.0698 false
37.9134 false
36.2033 false
6.9235 false
1.3979 false
16.3070 false
12.9990 false
2.4672 false
17.5363 false
2.5983 false
5.0231 false
4.8440 false
20.0120 false
3.9033 false
35.8017 false
0.9288 false
38.6472 false
40.5197 false
10.2935 false
70.7407 false
55.9043 false
list_sort_sorted_insert
0.0013 false
0.0033 false
0.0024 false
0.0014 false
0.0031 false
0.0013 false
0.0013 false
0.0022 false
0.0022 false
0.0024 false
0.0663 true
0.0364 true
0.0025 false
0.0132 true
0.0026 false
0.0025 false
0.0023 false
0.0031 false
0.0330 true
0.0022 false
0.0354 true
0.0032 false
0.0022 false
0.0699 true
0.0031 false
0.0033 false
0.0032 false
0.0040 false
0.0385 true
0.0118 true
0.0384 true
0.0520 true
0.0204 true
0.0227 true
0.0544 true
0.0656 true
0.0871 true
0.0667 true
0.0299 true
0.0984 true
0.0689 true
0.0716 true
0.0054 false
0.2310 true
0.0054 false
0.1519 true
0.0050 false
0.1465 true
0.1157 true
0.1493 true
0.1777 true
0.0054 false
0.0350 true
0.3835 true
0.1590 true
0.0354 true
0.2045 true
0.1245 true
0.0077 false
0.1214 true
1.0105 true
0.1017 true
0.0424 true
0.3835 true
0.6023 true
0.1257 true
0.0474 true
0.1788 true
0.0563 true
0.0031 false
0.3319 true
0.2369 true
0.7440 true
0.3061 true
1.2051 true
0.8148 true
0.0054 false
0.0583 true
0.2035 true
0.0764 true
0.0269 true
0.8575 true
0.2546 true
0.0747 true
0.1785 true
0.1193 true
0.0531 true
2.2066 true
0.2902 true
0.0329 true
2.1291 false
0.0154 false
0.2428 true
0.1391 true
0.0648 true
0.2919 true
0.6354 true
0.1105 true
1.2290 true
0.3108 true
list_sorted_insert
0.0065 false
0.0090 false
0.0090 false
0.0013 false
0.0130 false
0.0025 false
0.0035 false
0.0062 false
0.0090 false
0.0018 false
21.3274 false
0.0177 false
0.0546 false
0.0104 false
0.1472 false
0.2697 false
0.0147 false
0.4767 false
0.0138 false
0.0060 false
0.0139 false
0.4709 false
0.0754 false
0.0097 false
0.0101 false
0.0219 false
99.4824 false
0.0162 false
0.0065 false
1.0780 false
2.9595 false
1.4328 false
99.7139 false
5.3314 false
list_map
0.0011 false
0.0029 false
0.0018 true
0.0021 false
0.0013 false
0.0017 true
0.0025 true
0.0020 false
0.0013 false
0.0020 false
0.0014 false
0.0021 true
0.0031 true
0.0032 true
0.0030 true
0.0028 true
0.0023 true
0.0040 true
0.0039 true
0.0028 true
0.0092 true
0.0031 false
0.0026 true
0.0037 true
0.0100 true
0.0068 true
0.0035 true
0.0137 true
0.0075 true
0.0035 true
0.0247 true
0.0167 true
0.0305 true
0.0140 true
0.0648 true
0.0056 true
0.0293 true
0.0209 true
0.0320 true
0.0272 true
0.1043 true
0.0468 true
0.1927 true
0.0454 true
0.0557 true
0.0108 true
0.0489 true
0.0601 true
0.0206 true
0.0112 true
0.1794 true
0.5733 true
0.3257 true
0.1206 true
0.7425 true
0.1040 true
0.4522 true
1.0593 true
0.0906 true
0.0882 true
0.7296 true
2.6893 true
0.7212 true
0.2844 true
0.8260 true
0.1182 true
1.1097 true
1.4767 true
0.7688 true
0.4946 true
1.7936 true
3.6610 true
0.9950 true
19.5318 true
14.7107 true
0.6017 true
1.5910 true
17.2369 true
0.9081 true
1.6169 true
16.9772 true
0.7431 true
3.9524 true
3.6781 true
27.6677 true
9.4307 true
1.1666 true
11.3742 true
26.7460 true
8.6326 true
49.9400 true
78.7327 true
22.7472 true
29.2126 true
17.9541 true
11.4439 true
9.4371 true
17.8729 true
16.9096 true
list_filter
0.0011 false
0.0022 false
0.0003 false
0.0017 false
0.0011 false
0.0014 false
0.0012 false
0.0011 false
0.0003 false
0.0017 false
0.0035 false
0.0385 false
0.0403 false
0.1557 true
0.2163 true
0.0019 false
0.0138 false
0.0203 true
0.1966 true
0.0535 false
0.1761 true
0.2746 false
0.0918 false
0.7797 true
0.2419 true
0.2801 false
0.0420 false
0.0859 false
0.6934 true
0.1384 true
0.2299 false
1.6553 true
0.2638 false
10.9691 true
0.3390 false
0.5732 true
1.2490 true
0.1160 false
0.5261 false
1.1621 true
31.3974 true
6.9169 true
9.4879 false
16.6529 false
23.3609 false
3.0402 true
60.1326 true
1.9121 true
13.6495 false
4.3215 false
11.1009 true
6.3112 false
6.5732 false
6.9985 false
42.9803 false
11.8747 false
1.3818 false
67.3839 true
42.3916 true
29.2448 true
list_fold
0.0016 false
0.0025 false
0.0085 false
0.0024 false
0.0040 false
0.0064 false
0.0037 false
0.0042 false
0.0030 false
0.0062 false
0.8332 false
0.0190 false
0.0259 false
0.0085 false
0.0127 false
0.0146 false
0.0098 false
0.1389 false
0.0086 false
0.0045 false
0.0305 false
0.0947 false
0.0084 false
0.0484 false
0.0135 false
tree_count_leaves
0.2389 true
0.0482 false
0.1035 false
0.2024 true
0.0209 false
0.1162 false
0.1140 true
0.1595 true
0.0934 false
0.0950 false
7.8323 true
17.1387 true
0.5258 true
43.1257 true
16.2880 true
0.1621 true
16.4014 true
0.3553 true
38.9336 true
2.7351 true
5.7746 true
56.4432 true
2.9612 true
38.5850 true
tree_count_nodes
0.0419 false
0.0540 false
0.0023 false
0.0155 false
0.0252 false
0.0339 false
0.0133 false
0.0137 false
0.0444 false
0.0274 false
0.0607 false
0.0181 false
0.0820 false
0.1349 false
0.0687 true
0.0330 true
0.0420 true
0.0408 false
0.0411 true
0.1158 false
0.4094 true
0.3725 false
0.4277 true
1.0562 false
0.4651 false
0.1229 true
0.5092 false
0.1909 true
0.5954 false
0.1912 true
0.2770 true
73.2549 false
0.7595 true
0.4217 true
0.0603 true
1.4797 false
0.8082 true
34.6318 false
0.0675 false
0.0772 true
0.0723 true
27.6654 true
18.4278 true
0.2010 true
77.7585 true
1.2206 true
44.9267 true
0.3750 true
6.1552 true
0.1463 true
82.2791 true
0.4858 true
56.8890 true
0.7629 true
55.3613 true
2.8873 true
7.5599 true
112.6282 true
52.3196 true
112.6165 true
8.7294 true
tree_inorder
0.0273 false
0.0273 false
0.0646 false
0.0279 false
0.2340 false
0.1763 false
0.6441 false
0.0261 false
0.3763 false
0.1651 false
0.0535 false
9.4178 false
tree_inorder_bool
11.0660 false
0.1332 false
0.1631 false
0.0241 false
0.2436 false
7.8639 false
tree_postorder
0.0014 false
66.4258 false
0.1510 false
0.0611 false
0.0521 false
0.2214 false
0.0015 false
0.0033 false
tree_preorder
2.9657 false
0.1307 false
0.0219 false
0.0230 false
0.1528 true
0.2171 true
0.0012 false
0.2205 false
0.2892 true
0.0248 false
0.0505 false
0.1612 true
0.2050 true
0.0407 false
87.3453 true
0.2245 true
3.7864 true
0.3717 true
0.2350 true
0.9065 true
0.6482 true
2.5643 true
18.4790 true
0.3803 true
3.3193 true
0.7366 true
29.6422 true
1.0580 true
0.4182 true
0.8699 true
33.7695 true
2.8523 true
36.1769 true
4.6807 true
2.2074 true
0.7274 true
2.3493 true
0.3580 true
45.5644 true
24.7695 true
4.6683 true
13.4237 true
10.3568 true
9.4230 true
29.5097 true
29.6811 true
tree_nodes_at_level
0.0714 false
0.0306 false
0.2215 false
0.0776 false
0.0116 false
0.0612 false
0.1948 false
0.1846 false
0.0725 false
0.1311 false
58.7040 false
0.0370 false
32.8331 false
12.4825 false
0.2796 false
0.0658 false
3.3404 false
0.2135 false
0.2398 false
0.3596 false
1.2182 false
0.4043 false
0.9596 false
1.4275 false
26.1698 false
2.5712 false
15.6789 false
tree_map
0.0293 false
0.1854 false
0.0348 false
0.0386 false
0.2251 false
0.0587 false
0.0794 false
0.0078 false
0.1705 false
0.1373 false
0.2282 false
0.3521 false
0.3468 false
0.9134 true
0.3025 true
0.2783 true
1.7892 false
0.3087 false
0.3231 true
1.4349 true
0.9193 true
12.1871 false
2.4833 false
1.6161 false
5.5484 true
1.9962 true
4.3750 true
32.9958 false
0.3928 true
2.6977 true
15.1367 false
34.8341 true
92.3216 true
5.4826 true
33.0486 true
2.2132 false
38.9346 true
3.5760 true
12.9627 true
113.8755 true
tree_binsert
0.0042 false
3.5302 false
0.0114 false
0.0152 false
0.0144 false
0.0106 false
0.0033 false
3.5950 false
0.0055 false
0.0228 false
7.9263 false
5.7780 false
19.3335 false
1.5684 false
3.3052 false
13.6108 false
1.0485 false
1.2210 false
6.7789 false
0.7813 false
115.2567 false
1.0704 false
2.6814 false
0.1804 false
72.4400 false
39.4239 false
