tree_preorder
syrup running exm: 1 count: 2
trio running exm: 1 count: 2
syrup running exm: 2 count: 2
trio running exm: 2 count: 2
syrup running exm: 3 count: 2
trio running exm: 3 count: 2
syrup running exm: 4 count: 2
trio running exm: 4 count: 2
syrup running exm: 5 count: 2
trio running exm: 5 count: 2
syrup running exm: 6 count: 2
trio running exm: 6 count: 2
syrup running exm: 7 count: 2
trio running exm: 7 count: 2
syrup running exm: 8 count: 2
trio running exm: 8 count: 2
syrup running exm: 9 count: 2
trio running exm: 9 count: 2
syrup running exm: 10 count: 2
trio running exm: 10 count: 2
syrup running exm: 1 count: 3
trio running exm: 1 count: 3
syrup running exm: 2 count: 3
trio running exm: 2 count: 3
syrup running exm: 3 count: 3
trio running exm: 3 count: 3
syrup running exm: 4 count: 3
trio running exm: 4 count: 3
syrup running exm: 5 count: 3
trio running exm: 5 count: 3
syrup running exm: 6 count: 3
trio running exm: 6 count: 3
syrup running exm: 7 count: 3
trio running exm: 7 count: 3
syrup running exm: 8 count: 3
trio running exm: 8 count: 3
syrup running exm: 9 count: 3
trio running exm: 9 count: 3
syrup running exm: 10 count: 3
trio running exm: 10 count: 3
syrup running exm: 1 count: 4
trio running exm: 1 count: 4
syrup running exm: 2 count: 4
trio running exm: 2 count: 4
syrup running exm: 3 count: 4
trio running exm: 3 count: 4
syrup running exm: 4 count: 4
trio running exm: 4 count: 4
syrup running exm: 5 count: 4
trio running exm: 5 count: 4
syrup running exm: 6 count: 4
trio running exm: 6 count: 4
syrup running exm: 7 count: 4
trio running exm: 7 count: 4
syrup running exm: 8 count: 4
trio running exm: 8 count: 4
syrup running exm: 9 count: 4
trio running exm: 9 count: 4
syrup running exm: 10 count: 4
trio running exm: 10 count: 4
syrup running exm: 1 count: 5
trio running exm: 1 count: 5
syrup running exm: 2 count: 5
trio running exm: 2 count: 5
syrup running exm: 3 count: 5
trio running exm: 3 count: 5
syrup running exm: 4 count: 5
trio running exm: 4 count: 5
syrup running exm: 5 count: 5
trio running exm: 5 count: 5
syrup running exm: 6 count: 5
trio running exm: 6 count: 5
syrup running exm: 7 count: 5
trio running exm: 7 count: 5
syrup running exm: 8 count: 5
trio running exm: 8 count: 5
syrup running exm: 9 count: 5
trio running exm: 9 count: 5
syrup running exm: 10 count: 5
trio running exm: 10 count: 5
trio running exm: 1 count: 6
trio running exm: 2 count: 6
trio running exm: 3 count: 6
trio running exm: 4 count: 6
trio running exm: 5 count: 6
trio running exm: 6 count: 6
trio running exm: 7 count: 6
trio running exm: 8 count: 6
trio running exm: 9 count: 6
trio running exm: 10 count: 6
trio running exm: 1 count: 7
trio running exm: 2 count: 7
trio running exm: 3 count: 7
trio running exm: 4 count: 7
trio running exm: 5 count: 7
trio running exm: 6 count: 7
trio running exm: 7 count: 7
trio running exm: 8 count: 7
trio running exm: 9 count: 7
trio running exm: 10 count: 7
trio running exm: 1 count: 8
trio running exm: 2 count: 8
trio running exm: 3 count: 8
trio running exm: 4 count: 8
trio running exm: 5 count: 8
trio running exm: 6 count: 8
trio running exm: 7 count: 8
trio running exm: 8 count: 8
trio running exm: 9 count: 8
trio running exm: 10 count: 8
trio running exm: 1 count: 9
trio running exm: 2 count: 9
trio running exm: 3 count: 9
trio running exm: 4 count: 9
trio running exm: 5 count: 9
trio running exm: 6 count: 9
trio running exm: 7 count: 9
trio running exm: 8 count: 9
trio running exm: 9 count: 9
trio running exm: 10 count: 9
tree_nodes_at_level
syrup running exm: 1 count: 2
trio running exm: 1 count: 2
syrup running exm: 2 count: 2
trio running exm: 2 count: 2
syrup running exm: 3 count: 2
trio running exm: 3 count: 2
syrup running exm: 4 count: 2
trio running exm: 4 count: 2
syrup running exm: 5 count: 2
trio running exm: 5 count: 2
syrup running exm: 6 count: 2
trio running exm: 6 count: 2
syrup running exm: 7 count: 2
trio running exm: 7 count: 2
syrup running exm: 8 count: 2
trio running exm: 8 count: 2
syrup running exm: 9 count: 2
trio running exm: 9 count: 2
syrup running exm: 10 count: 2
trio running exm: 10 count: 2
syrup running exm: 1 count: 3
trio running exm: 1 count: 3
syrup running exm: 2 count: 3
trio running exm: 2 count: 3
syrup running exm: 3 count: 3
trio running exm: 3 count: 3
syrup running exm: 4 count: 3
trio running exm: 4 count: 3
syrup running exm: 5 count: 3
trio running exm: 5 count: 3
syrup running exm: 6 count: 3
trio running exm: 6 count: 3
syrup running exm: 7 count: 3
trio running exm: 7 count: 3
syrup running exm: 8 count: 3
trio running exm: 8 count: 3
syrup running exm: 9 count: 3
trio running exm: 9 count: 3
syrup running exm: 10 count: 3
trio running exm: 10 count: 3
syrup running exm: 1 count: 4
trio running exm: 1 count: 4
syrup running exm: 2 count: 4
trio running exm: 2 count: 4
syrup running exm: 3 count: 4
trio running exm: 3 count: 4
syrup running exm: 4 count: 4
trio running exm: 4 count: 4
syrup running exm: 5 count: 4
trio running exm: 5 count: 4
syrup running exm: 6 count: 4
trio running exm: 6 count: 4
syrup running exm: 7 count: 4
trio running exm: 7 count: 4
syrup running exm: 8 count: 4
trio running exm: 8 count: 4
syrup running exm: 9 count: 4
trio running exm: 9 count: 4
syrup running exm: 10 count: 4
trio running exm: 10 count: 4
syrup running exm: 1 count: 5
trio running exm: 1 count: 5
syrup running exm: 2 count: 5
trio running exm: 2 count: 5
syrup running exm: 3 count: 5
trio running exm: 3 count: 5
syrup running exm: 4 count: 5
trio running exm: 4 count: 5
syrup running exm: 5 count: 5
trio running exm: 5 count: 5
syrup running exm: 6 count: 5
trio running exm: 6 count: 5
syrup running exm: 7 count: 5
trio running exm: 7 count: 5
syrup running exm: 8 count: 5
trio running exm: 8 count: 5
syrup running exm: 9 count: 5
trio running exm: 9 count: 5
syrup running exm: 10 count: 5
trio running exm: 10 count: 5
trio running exm: 1 count: 6
trio running exm: 2 count: 6
trio running exm: 3 count: 6
trio running exm: 4 count: 6
trio running exm: 5 count: 6
trio running exm: 6 count: 6
trio running exm: 7 count: 6
trio running exm: 8 count: 6
trio running exm: 9 count: 6
trio running exm: 10 count: 6
trio running exm: 1 count: 7
trio running exm: 2 count: 7
trio running exm: 3 count: 7
trio running exm: 4 count: 7
trio running exm: 5 count: 7
trio running exm: 6 count: 7
trio running exm: 7 count: 7
trio running exm: 8 count: 7
trio running exm: 9 count: 7
trio running exm: 10 count: 7
trio running exm: 1 count: 8
trio running exm: 2 count: 8
trio running exm: 3 count: 8
trio running exm: 4 count: 8
trio running exm: 5 count: 8
trio running exm: 6 count: 8
trio running exm: 7 count: 8
trio running exm: 8 count: 8
trio running exm: 9 count: 8
trio running exm: 10 count: 8
trio running exm: 1 count: 9
trio running exm: 2 count: 9
trio running exm: 3 count: 9
trio running exm: 4 count: 9
trio running exm: 5 count: 9
trio running exm: 6 count: 9
trio running exm: 7 count: 9
trio running exm: 8 count: 9
trio running exm: 9 count: 9
trio running exm: 10 count: 9
tree_map
syrup running exm: 1 count: 2
trio running exm: 1 count: 2
syrup running exm: 2 count: 2
trio running exm: 2 count: 2
syrup running exm: 3 count: 2
trio running exm: 3 count: 2
syrup running exm: 4 count: 2
trio running exm: 4 count: 2
syrup running exm: 5 count: 2
trio running exm: 5 count: 2
syrup running exm: 6 count: 2
trio running exm: 6 count: 2
syrup running exm: 7 count: 2
trio running exm: 7 count: 2
syrup running exm: 8 count: 2
trio running exm: 8 count: 2
syrup running exm: 9 count: 2
trio running exm: 9 count: 2
syrup running exm: 10 count: 2
trio running exm: 10 count: 2
syrup running exm: 1 count: 3
trio running exm: 1 count: 3
syrup running exm: 2 count: 3
trio running exm: 2 count: 3
syrup running exm: 3 count: 3
trio running exm: 3 count: 3
syrup running exm: 4 count: 3
trio running exm: 4 count: 3
syrup running exm: 5 count: 3
trio running exm: 5 count: 3
syrup running exm: 6 count: 3
trio running exm: 6 count: 3
syrup running exm: 7 count: 3
trio running exm: 7 count: 3
syrup running exm: 8 count: 3
trio running exm: 8 count: 3
syrup running exm: 9 count: 3
trio running exm: 9 count: 3
syrup running exm: 10 count: 3
trio running exm: 10 count: 3
syrup running exm: 1 count: 4
trio running exm: 1 count: 4
syrup running exm: 2 count: 4
trio running exm: 2 count: 4
syrup running exm: 3 count: 4
trio running exm: 3 count: 4
syrup running exm: 4 count: 4
trio running exm: 4 count: 4
syrup running exm: 5 count: 4
trio running exm: 5 count: 4
syrup running exm: 6 count: 4
trio running exm: 6 count: 4
syrup running exm: 7 count: 4
trio running exm: 7 count: 4
syrup running exm: 8 count: 4
trio running exm: 8 count: 4
syrup running exm: 9 count: 4
trio running exm: 9 count: 4
syrup running exm: 10 count: 4
trio running exm: 10 count: 4
syrup running exm: 1 count: 5
trio running exm: 1 count: 5
syrup running exm: 2 count: 5
trio running exm: 2 count: 5
syrup running exm: 3 count: 5
trio running exm: 3 count: 5
syrup running exm: 4 count: 5
trio running exm: 4 count: 5
syrup running exm: 5 count: 5
trio running exm: 5 count: 5
syrup running exm: 6 count: 5
trio running exm: 6 count: 5
syrup running exm: 7 count: 5
trio running exm: 7 count: 5
syrup running exm: 8 count: 5
trio running exm: 8 count: 5
syrup running exm: 9 count: 5
trio running exm: 9 count: 5
syrup running exm: 10 count: 5
trio running exm: 10 count: 5
trio running exm: 1 count: 6
trio running exm: 2 count: 6
trio running exm: 3 count: 6
trio running exm: 4 count: 6
trio running exm: 5 count: 6
trio running exm: 6 count: 6
trio running exm: 7 count: 6
trio running exm: 8 count: 6
trio running exm: 9 count: 6
trio running exm: 10 count: 6
trio running exm: 1 count: 7
trio running exm: 2 count: 7
trio running exm: 3 count: 7
trio running exm: 4 count: 7
trio running exm: 5 count: 7
trio running exm: 6 count: 7
trio running exm: 7 count: 7
trio running exm: 8 count: 7
trio running exm: 9 count: 7
trio running exm: 10 count: 7
trio running exm: 1 count: 8
trio running exm: 2 count: 8
trio running exm: 3 count: 8
trio running exm: 4 count: 8
trio running exm: 5 count: 8
trio running exm: 6 count: 8
trio running exm: 7 count: 8
trio running exm: 8 count: 8
trio running exm: 9 count: 8
trio running exm: 10 count: 8
trio running exm: 1 count: 9
trio running exm: 2 count: 9
trio running exm: 3 count: 9
trio running exm: 4 count: 9
trio running exm: 5 count: 9
trio running exm: 6 count: 9
trio running exm: 7 count: 9
trio running exm: 8 count: 9
trio running exm: 9 count: 9
trio running exm: 10 count: 9
tree_binsert
syrup running exm: 1 count: 2
trio running exm: 1 count: 2
syrup running exm: 2 count: 2
trio running exm: 2 count: 2
syrup running exm: 3 count: 2
trio running exm: 3 count: 2
syrup running exm: 4 count: 2
trio running exm: 4 count: 2
syrup running exm: 5 count: 2
trio running exm: 5 count: 2
syrup running exm: 6 count: 2
trio running exm: 6 count: 2
syrup running exm: 7 count: 2
trio running exm: 7 count: 2
syrup running exm: 8 count: 2
trio running exm: 8 count: 2
syrup running exm: 9 count: 2
trio running exm: 9 count: 2
syrup running exm: 10 count: 2
trio running exm: 10 count: 2
syrup running exm: 1 count: 3
trio running exm: 1 count: 3
syrup running exm: 2 count: 3
trio running exm: 2 count: 3
syrup running exm: 3 count: 3
trio running exm: 3 count: 3
syrup running exm: 4 count: 3
trio running exm: 4 count: 3
syrup running exm: 5 count: 3
trio running exm: 5 count: 3
syrup running exm: 6 count: 3
trio running exm: 6 count: 3
syrup running exm: 7 count: 3
trio running exm: 7 count: 3
syrup running exm: 8 count: 3
trio running exm: 8 count: 3
syrup running exm: 9 count: 3
trio running exm: 9 count: 3
syrup running exm: 10 count: 3
trio running exm: 10 count: 3
syrup running exm: 1 count: 4
trio running exm: 1 count: 4
syrup running exm: 2 count: 4
trio running exm: 2 count: 4
syrup running exm: 3 count: 4
trio running exm: 3 count: 4
syrup running exm: 4 count: 4
trio running exm: 4 count: 4
syrup running exm: 5 count: 4
trio running exm: 5 count: 4
syrup running exm: 6 count: 4
trio running exm: 6 count: 4
syrup running exm: 7 count: 4
trio running exm: 7 count: 4
syrup running exm: 8 count: 4
trio running exm: 8 count: 4
syrup running exm: 9 count: 4
trio running exm: 9 count: 4
syrup running exm: 10 count: 4
trio running exm: 10 count: 4
syrup running exm: 1 count: 5
trio running exm: 1 count: 5
syrup running exm: 2 count: 5
trio running exm: 2 count: 5
syrup running exm: 3 count: 5
trio running exm: 3 count: 5
syrup running exm: 4 count: 5
trio running exm: 4 count: 5
syrup running exm: 5 count: 5
trio running exm: 5 count: 5
syrup running exm: 6 count: 5
trio running exm: 6 count: 5
syrup running exm: 7 count: 5
trio running exm: 7 count: 5
syrup running exm: 8 count: 5
trio running exm: 8 count: 5
syrup running exm: 9 count: 5
trio running exm: 9 count: 5
syrup running exm: 10 count: 5
trio running exm: 10 count: 5
trio running exm: 1 count: 6
trio running exm: 2 count: 6
trio running exm: 3 count: 6
trio running exm: 4 count: 6
trio running exm: 5 count: 6
trio running exm: 6 count: 6
trio running exm: 7 count: 6
trio running exm: 8 count: 6
trio running exm: 9 count: 6
trio running exm: 10 count: 6
trio running exm: 1 count: 7
trio running exm: 2 count: 7
trio running exm: 3 count: 7
trio running exm: 4 count: 7
trio running exm: 5 count: 7
trio running exm: 6 count: 7
trio running exm: 7 count: 7
trio running exm: 8 count: 7
trio running exm: 9 count: 7
trio running exm: 10 count: 7
trio running exm: 1 count: 8
trio running exm: 2 count: 8
trio running exm: 3 count: 8
trio running exm: 4 count: 8
trio running exm: 5 count: 8
trio running exm: 6 count: 8
trio running exm: 7 count: 8
trio running exm: 8 count: 8
trio running exm: 9 count: 8
trio running exm: 10 count: 8
trio running exm: 1 count: 9
trio running exm: 2 count: 9
trio running exm: 3 count: 9
trio running exm: 4 count: 9
trio running exm: 5 count: 9
trio running exm: 6 count: 9
trio running exm: 7 count: 9
trio running exm: 8 count: 9
trio running exm: 9 count: 9
trio running exm: 10 count: 9
